0 info it worked if it ends with ok
1 verbose cli [ '/root/Desktop/nodejs/node-v6.9.5-linux-x64/bin/node',
1 verbose cli   '/usr/local/bin/npm',
1 verbose cli   'install',
1 verbose cli   'angular-ui-bootstrap' ]
2 info using npm@3.10.10
3 info using node@v6.9.5
4 silly loadCurrentTree Starting
5 silly install loadCurrentTree
6 silly install readLocalPackageData
7 silly fetchPackageMetaData angular-ui-bootstrap
8 silly fetchNamedPackageData angular-ui-bootstrap
9 silly mapToRegistry name angular-ui-bootstrap
10 silly mapToRegistry using default registry
11 silly mapToRegistry registry https://registry.npmjs.org/
12 silly mapToRegistry data Result {
12 silly mapToRegistry   raw: 'angular-ui-bootstrap',
12 silly mapToRegistry   scope: null,
12 silly mapToRegistry   escapedName: 'angular-ui-bootstrap',
12 silly mapToRegistry   name: 'angular-ui-bootstrap',
12 silly mapToRegistry   rawSpec: '',
12 silly mapToRegistry   spec: 'latest',
12 silly mapToRegistry   type: 'tag' }
13 silly mapToRegistry uri https://registry.npmjs.org/angular-ui-bootstrap
14 verbose request uri https://registry.npmjs.org/angular-ui-bootstrap
15 verbose request no auth needed
16 info attempt registry request try #1 at 1:48:59 AM
17 verbose request id 06f50a21ffccc07c
18 verbose etag W/"590259cb-14205"
19 verbose lastModified Thu, 27 Apr 2017 20:51:23 GMT
20 http request GET https://registry.npmjs.org/angular-ui-bootstrap
21 http 304 https://registry.npmjs.org/angular-ui-bootstrap
22 verbose headers { date: 'Sat, 27 May 2017 01:44:52 GMT',
22 verbose headers   via: '1.1 varnish',
22 verbose headers   'cache-control': 'max-age=300',
22 verbose headers   etag: 'W/"590259cb-14205"',
22 verbose headers   age: '62',
22 verbose headers   connection: 'keep-alive',
22 verbose headers   'x-served-by': 'cache-nrt6125-NRT',
22 verbose headers   'x-cache': 'HIT',
22 verbose headers   'x-cache-hits': '1',
22 verbose headers   'x-timer': 'S1495849493.737978,VS0,VE0',
22 verbose headers   vary: 'Accept-Encoding' }
23 silly get cb [ 304,
23 silly get   { date: 'Sat, 27 May 2017 01:44:52 GMT',
23 silly get     via: '1.1 varnish',
23 silly get     'cache-control': 'max-age=300',
23 silly get     etag: 'W/"590259cb-14205"',
23 silly get     age: '62',
23 silly get     connection: 'keep-alive',
23 silly get     'x-served-by': 'cache-nrt6125-NRT',
23 silly get     'x-cache': 'HIT',
23 silly get     'x-cache-hits': '1',
23 silly get     'x-timer': 'S1495849493.737978,VS0,VE0',
23 silly get     vary: 'Accept-Encoding' } ]
24 verbose etag https://registry.npmjs.org/angular-ui-bootstrap from cache
25 verbose get saving angular-ui-bootstrap to /root/.npm/registry.npmjs.org/angular-ui-bootstrap/.cache.json
26 verbose correctMkdir /root/.npm correctMkdir not in flight; initializing
27 silly install normalizeTree
28 silly loadCurrentTree Finishing
29 silly loadIdealTree Starting
30 silly install loadIdealTree
31 silly cloneCurrentTree Starting
32 silly install cloneCurrentTreeToIdealTree
33 silly cloneCurrentTree Finishing
34 silly loadShrinkwrap Starting
35 silly install loadShrinkwrap
36 silly loadShrinkwrap Finishing
37 silly loadAllDepsIntoIdealTree Starting
38 silly install loadAllDepsIntoIdealTree
39 silly rollbackFailedOptional Starting
40 silly rollbackFailedOptional Finishing
41 silly runTopLevelLifecycles Finishing
42 silly install printInstalled
43 verbose stack Error: Refusing to install angular-ui-bootstrap as a dependency of itself
43 verbose stack     at checkSelf (/root/Desktop/nodejs/node-v6.9.5-linux-x64/lib/node_modules/npm/lib/install/validate-args.js:53:14)
43 verbose stack     at Array.<anonymous> (/root/Desktop/nodejs/node-v6.9.5-linux-x64/lib/node_modules/npm/node_modules/slide/lib/bind-actor.js:15:8)
43 verbose stack     at LOOP (/root/Desktop/nodejs/node-v6.9.5-linux-x64/lib/node_modules/npm/node_modules/slide/lib/chain.js:15:14)
43 verbose stack     at chain (/root/Desktop/nodejs/node-v6.9.5-linux-x64/lib/node_modules/npm/node_modules/slide/lib/chain.js:20:5)
43 verbose stack     at /root/Desktop/nodejs/node-v6.9.5-linux-x64/lib/node_modules/npm/lib/install/validate-args.js:16:5
43 verbose stack     at /root/Desktop/nodejs/node-v6.9.5-linux-x64/lib/node_modules/npm/node_modules/slide/lib/async-map.js:52:35
43 verbose stack     at Array.forEach (native)
43 verbose stack     at /root/Desktop/nodejs/node-v6.9.5-linux-x64/lib/node_modules/npm/node_modules/slide/lib/async-map.js:52:11
43 verbose stack     at Array.forEach (native)
43 verbose stack     at asyncMap (/root/Desktop/nodejs/node-v6.9.5-linux-x64/lib/node_modules/npm/node_modules/slide/lib/async-map.js:51:8)
44 verbose cwd /root/Desktop/nodejs/node_modules/angular-ui-bootstrap
45 error Linux 3.10.0-327.el7.x86_64
46 error argv "/root/Desktop/nodejs/node-v6.9.5-linux-x64/bin/node" "/usr/local/bin/npm" "install" "angular-ui-bootstrap"
47 error node v6.9.5
48 error npm  v3.10.10
49 error code ENOSELF
50 error Refusing to install angular-ui-bootstrap as a dependency of itself
51 error If you need help, you may report this error at:
51 error     <https://github.com/npm/npm/issues>
52 verbose exit [ 1, true ]
